TN:
SF:./lib/prelodr.js
FN:9,(anonymous_1)
FN:21,Queu
FN:34,(anonymous_3)
FN:42,(anonymous_4)
FN:50,(anonymous_5)
FN:59,(anonymous_6)
FN:73,(anonymous_7)
FN:87,(anonymous_8)
FN:95,(anonymous_9)
FN:107,Prelodr
FN:143,merge
FN:162,(anonymous_12)
FN:171,(anonymous_13)
FN:179,getId
FN:189,show
FN:205,(anonymous_16)
FN:210,(anonymous_17)
FN:230,hide
FN:235,(anonymous_19)
FN:251,queueWalk
FN:255,(anonymous_21)
FN:264,(anonymous_22)
FN:277,(anonymous_23)
FN:282,(anonymous_24)
FN:301,(anonymous_25)
FN:307,(anonymous_26)
FN:309,(anonymous_27)
FN:322,(anonymous_28)
FN:336,(anonymous_29)
FN:343,(anonymous_30)
FN:364,(anonymous_31)
FN:379,(anonymous_32)
FNF:32
FNH:25
FNDA:1,(anonymous_1)
FNDA:10,Queu
FNDA:0,(anonymous_3)
FNDA:0,(anonymous_4)
FNDA:30,(anonymous_5)
FNDA:30,(anonymous_6)
FNDA:0,(anonymous_7)
FNDA:0,(anonymous_8)
FNDA:37,(anonymous_9)
FNDA:10,Prelodr
FNDA:7,merge
FNDA:7,(anonymous_12)
FNDA:7,(anonymous_13)
FNDA:30,getId
FNDA:16,show
FNDA:16,(anonymous_16)
FNDA:16,(anonymous_17)
FNDA:14,hide
FNDA:0,(anonymous_19)
FNDA:21,queueWalk
FNDA:16,(anonymous_21)
FNDA:13,(anonymous_22)
FNDA:16,(anonymous_23)
FNDA:16,(anonymous_24)
FNDA:14,(anonymous_25)
FNDA:14,(anonymous_26)
FNDA:6,(anonymous_27)
FNDA:0,(anonymous_28)
FNDA:14,(anonymous_29)
FNDA:13,(anonymous_30)
FNDA:0,(anonymous_31)
FNDA:20,(anonymous_32)
DA:9,1
DA:12,1
DA:13,0
DA:21,1
DA:22,10
DA:23,0
DA:26,10
DA:27,10
DA:34,1
DA:35,0
DA:42,1
DA:43,0
DA:50,1
DA:51,30
DA:52,30
DA:59,1
DA:60,30
DA:62,30
DA:63,30
DA:66,30
DA:73,1
DA:74,0
DA:76,0
DA:77,0
DA:80,0
DA:87,1
DA:88,0
DA:95,1
DA:96,37
DA:107,1
DA:108,10
DA:109,0
DA:112,10
DA:113,10
DA:114,10
DA:115,10
DA:116,10
DA:123,10
DA:124,7
DA:125,5
DA:126,5
DA:128,2
DA:129,2
DA:132,3
DA:143,1
DA:144,7
DA:146,7
DA:147,4
DA:148,4
DA:149,4
DA:154,7
DA:162,1
DA:163,7
DA:171,1
DA:172,7
DA:179,1
DA:180,30
DA:189,1
DA:190,16
DA:191,16
DA:192,16
DA:194,16
DA:195,16
DA:196,16
DA:197,16
DA:199,16
DA:200,16
DA:202,16
DA:203,16
DA:205,16
DA:206,16
DA:208,16
DA:210,16
DA:211,16
DA:212,16
DA:214,16
DA:215,2
DA:218,16
DA:219,16
DA:230,1
DA:231,14
DA:232,14
DA:234,14
DA:235,0
DA:236,0
DA:237,0
DA:238,0
DA:242,14
DA:251,1
DA:252,21
DA:254,21
DA:255,16
DA:256,16
DA:257,16
DA:259,16
DA:261,16
DA:262,14
DA:264,14
DA:265,13
DA:277,1
DA:278,16
DA:279,16
DA:283,16
DA:287,16
DA:289,16
DA:290,8
DA:291,8
DA:294,16
DA:301,1
DA:302,14
DA:304,14
DA:308,14
DA:309,6
DA:310,6
DA:313,8
DA:318,14
DA:319,0
DA:321,0
DA:322,0
DA:323,0
DA:324,0
DA:329,14
DA:336,1
DA:337,14
DA:338,14
DA:340,14
DA:341,14
DA:343,14
DA:344,13
DA:345,2
DA:348,13
DA:349,13
DA:350,13
DA:351,13
DA:353,13
DA:354,13
DA:364,1
DA:365,0
DA:369,1
DA:370,1
DA:371,1
DA:379,1
DA:380,20
DA:381,15
DA:382,15
DA:384,15
DA:385,15
DA:387,0
DA:388,0
DA:390,0
DA:393,5
DA:394,5
DA:397,5
DA:401,1
LF:154
LH:131
BRDA:12,1,0,0
BRDA:12,1,1,1
BRDA:22,2,0,0
BRDA:22,2,1,10
BRDA:62,3,0,30
BRDA:62,3,1,0
BRDA:76,4,0,0
BRDA:76,4,1,0
BRDA:88,5,0,0
BRDA:88,5,1,0
BRDA:96,6,0,30
BRDA:96,6,1,7
BRDA:108,7,0,0
BRDA:108,7,1,10
BRDA:123,8,0,7
BRDA:123,8,1,3
BRDA:124,9,0,5
BRDA:124,9,1,2
BRDA:146,10,0,4
BRDA:146,10,1,3
BRDA:148,11,0,4
BRDA:148,11,1,0
BRDA:148,12,0,4
BRDA:148,12,1,4
BRDA:214,13,0,2
BRDA:214,13,1,14
BRDA:218,14,0,16
BRDA:218,14,1,0
BRDA:231,15,0,14
BRDA:231,15,1,0
BRDA:234,16,0,0
BRDA:234,16,1,14
BRDA:236,17,0,0
BRDA:236,17,1,0
BRDA:254,18,0,16
BRDA:254,18,1,5
BRDA:254,19,0,21
BRDA:254,19,1,16
BRDA:261,20,0,14
BRDA:261,20,1,2
BRDA:261,21,0,16
BRDA:261,21,1,14
BRDA:289,22,0,8
BRDA:289,22,1,8
BRDA:308,23,0,6
BRDA:308,23,1,8
BRDA:308,24,0,14
BRDA:308,24,1,6
BRDA:318,25,0,0
BRDA:318,25,1,14
BRDA:321,26,0,0
BRDA:321,26,1,0
BRDA:321,27,0,0
BRDA:321,27,1,0
BRDA:344,28,0,2
BRDA:344,28,1,11
BRDA:353,29,0,13
BRDA:353,29,1,0
BRDA:369,30,0,1
BRDA:369,30,1,0
BRDA:380,31,0,15
BRDA:380,31,1,5
BRDA:384,32,0,15
BRDA:384,32,1,0
BRDA:384,33,0,15
BRDA:384,33,1,15
BRDA:384,33,2,15
BRF:67
BRH:45
end_of_record
